# JRE version: OpenJDK Runtime Environment (8.0_212-b04) (build 1.8.0_212-release-1586-b04)
# Java VM: OpenJDK 64-Bit Server VM (25.212-b04 mixed mode windows-amd64 compressed oops)
Heap:
 PSYoungGen      total 137728K, used 100932K [0x00000000e0000000, 0x00000000eb880000, 0x0000000100000000)
  eden space 133632K, 75% used [0x00000000e0000000,0x00000000e62913e8,0x00000000e8280000)
  from space 4096K, 0% used [0x00000000eb480000,0x00000000eb480000,0x00000000eb880000)
  to   space 18432K, 0% used [0x00000000e9480000,0x00000000e9480000,0x00000000ea680000)
 ParOldGen       total 130560K, used 30442K [0x00000000a0000000, 0x00000000a7f80000, 0x00000000e0000000)
  object space 130560K, 23% used [0x00000000a0000000,0x00000000a1dba9c8,0x00000000a7f80000)
 Metaspace       used 61362K, capacity 63396K, committed 63616K, reserved 1103872K
  class space    used 8319K, capacity 8778K, committed 8832K, reserved 1048576K
GC Heap History (10 events):
Event: 5.081 GC heap before
{Heap before GC invocations=11 (full 2):
 PSYoungGen      total 116224K, used 10764K [0x00000000e0000000, 0x00000000ea280000, 0x0000000100000000)
  eden space 104960K, 0% used [0x00000000e0000000,0x00000000e0000000,0x00000000e6680000)
  from space 11264K, 95% used [0x00000000e6680000,0x00000000e7103050,0x00000000e7180000)
  to   space 12288K, 0% used [0x00000000e9680000,0x00000000e9680000,0x00000000ea280000)
 ParOldGen       total 58880K, used 9869K [0x00000000a0000000, 0x00000000a3980000, 0x00000000e0000000)
  object space 58880K, 16% used [0x00000000a0000000,0x00000000a09a3500,0x00000000a3980000)
 Metaspace       used 34668K, capacity 35436K, committed 35496K, reserved 1079296K
  class space    used 4774K, capacity 4959K, committed 4992K, reserved 1048576K
Event: 5.125 GC heap after
Heap after GC invocations=11 (full 2):
 PSYoungGen      total 116224K, used 0K [0x00000000e0000000, 0x00000000ea280000, 0x0000000100000000)
  eden space 104960K, 0% used [0x00000000e0000000,0x00000000e0000000,0x00000000e6680000)
  from space 11264K, 0% used [0x00000000e6680000,0x00000000e6680000,0x00000000e7180000)
  to   space 12288K, 0% used [0x00000000e9680000,0x00000000e9680000,0x00000000ea280000)
 ParOldGen       total 90112K, used 17863K [0x00000000a0000000, 0x00000000a5800000, 0x00000000e0000000)
  object space 90112K, 19% used [0x00000000a0000000,0x00000000a1171df8,0x00000000a5800000)
 Metaspace       used 34641K, capacity 35346K, committed 35496K, reserved 1079296K
  class space    used 4766K, capacity 4944K, committed 4992K, reserved 1048576K
}
Event: 7.074 GC heap before
{Heap before GC invocations=12 (full 2):
 PSYoungGen      total 116224K, used 104960K [0x00000000e0000000, 0x00000000ea280000, 0x0000000100000000)
  eden space 104960K, 100% used [0x00000000e0000000,0x00000000e6680000,0x00000000e6680000)
  from space 11264K, 0% used [0x00000000e6680000,0x00000000e6680000,0x00000000e7180000)
  to   space 12288K, 0% used [0x00000000e9680000,0x00000000e9680000,0x00000000ea280000)
 ParOldGen       total 90112K, used 17863K [0x00000000a0000000, 0x00000000a5800000, 0x00000000e0000000)
  object space 90112K, 19% used [0x00000000a0000000,0x00000000a1171df8,0x00000000a5800000)
 Metaspace       used 45005K, capacity 45992K, committed 46336K, reserved 1089536K
  class space    used 6045K, capacity 6292K, committed 6400K, reserved 1048576K
Event: 7.083 GC heap after
Heap after GC invocations=12 (full 2):
 PSYoungGen      total 144896K, used 12275K [0x00000000e0000000, 0x00000000ea280000, 0x0000000100000000)
  eden space 132608K, 0% used [0x00000000e0000000,0x00000000e0000000,0x00000000e8180000)
  from space 12288K, 99% used [0x00000000e9680000,0x00000000ea27cc38,0x00000000ea280000)
  to   space 14336K, 0% used [0x00000000e8680000,0x00000000e8680000,0x00000000e9480000)
 ParOldGen       total 90112K, used 19169K [0x00000000a0000000, 0x00000000a5800000, 0x00000000e0000000)
  object space 90112K, 21% used [0x00000000a0000000,0x00000000a12b8750,0x00000000a5800000)
 Metaspace       used 45005K, capacity 45992K, committed 46336K, reserved 1089536K
  class space    used 6045K, capacity 6292K, committed 6400K, reserved 1048576K
}
Event: 9.908 GC heap before
{Heap before GC invocations=13 (full 2):
 PSYoungGen      total 144896K, used 144883K [0x00000000e0000000, 0x00000000ea280000, 0x0000000100000000)
  eden space 132608K, 100% used [0x00000000e0000000,0x00000000e8180000,0x00000000e8180000)
  from space 12288K, 99% used [0x00000000e9680000,0x00000000ea27cc38,0x00000000ea280000)
  to   space 14336K, 0% used [0x00000000e8680000,0x00000000e8680000,0x00000000e9480000)
 ParOldGen       total 90112K, used 19169K [0x00000000a0000000, 0x00000000a5800000, 0x00000000e0000000)
  object space 90112K, 21% used [0x00000000a0000000,0x00000000a12b8750,0x00000000a5800000)
 Metaspace       used 55565K, capacity 57184K, committed 57344K, reserved 1099776K
  class space    used 7434K, capacity 7846K, committed 7936K, reserved 1048576K
Event: 9.932 GC heap after
Heap after GC invocations=13 (full 2):
 PSYoungGen      total 152064K, used 14329K [0x00000000e0000000, 0x00000000ec680000, 0x0000000100000000)
  eden space 137728K, 0% used [0x00000000e0000000,0x00000000e0000000,0x00000000e8680000)
  from space 14336K, 99% used [0x00000000e8680000,0x00000000e947e4e8,0x00000000e9480000)
  to   space 18432K, 0% used [0x00000000eb480000,0x00000000eb480000,0x00000000ec680000)
 ParOldGen       total 90112K, used 26029K [0x00000000a0000000, 0x00000000a5800000, 0x00000000e0000000)
  object space 90112K, 28% used [0x00000000a0000000,0x00000000a196b7d0,0x00000000a5800000)
 Metaspace       used 55565K, capacity 57184K, committed 57344K, reserved 1099776K
  class space    used 7434K, capacity 7846K, committed 7936K, reserved 1048576K
}
Event: 214.294 GC heap before
{Heap before GC invocations=14 (full 2):
 PSYoungGen      total 152064K, used 65056K [0x00000000e0000000, 0x00000000ec680000, 0x0000000100000000)
  eden space 137728K, 36% used [0x00000000e0000000,0x00000000e3189bb8,0x00000000e8680000)
  from space 14336K, 99% used [0x00000000e8680000,0x00000000e947e4e8,0x00000000e9480000)
  to   space 18432K, 0% used [0x00000000eb480000,0x00000000eb480000,0x00000000ec680000)
 ParOldGen       total 90112K, used 26029K [0x00000000a0000000, 0x00000000a5800000, 0x00000000e0000000)
  object space 90112K, 28% used [0x00000000a0000000,0x00000000a196b7d0,0x00000000a5800000)
 Metaspace       used 57119K, capacity 59004K, committed 59136K, reserved 1099776K
  class space    used 7619K, capacity 8095K, committed 8192K, reserved 1048576K
Event: 214.308 GC heap after
Heap after GC invocations=14 (full 2):
 PSYoungGen      total 137728K, used 3992K [0x00000000e0000000, 0x00000000eb880000, 0x0000000100000000)
  eden space 133632K, 0% used [0x00000000e0000000,0x00000000e0000000,0x00000000e8280000)
  from space 4096K, 97% used [0x00000000eb480000,0x00000000eb8663d8,0x00000000eb880000)
  to   space 18432K, 0% used [0x00000000e9480000,0x00000000e9480000,0x00000000ea680000)
 ParOldGen       total 90112K, used 34139K [0x00000000a0000000, 0x00000000a5800000, 0x00000000e0000000)
  object space 90112K, 37% used [0x00000000a0000000,0x00000000a2156f10,0x00000000a5800000)
 Metaspace       used 57119K, capacity 59004K, committed 59136K, reserved 1099776K
  class space    used 7619K, capacity 8095K, committed 8192K, reserved 1048576K
}
Event: 214.308 GC heap before
{Heap before GC invocations=15 (full 3):
 PSYoungGen      total 137728K, used 3992K [0x00000000e0000000, 0x00000000eb880000, 0x0000000100000000)
  eden space 133632K, 0% used [0x00000000e0000000,0x00000000e0000000,0x00000000e8280000)
  from space 4096K, 97% used [0x00000000eb480000,0x00000000eb8663d8,0x00000000eb880000)
  to   space 18432K, 0% used [0x00000000e9480000,0x00000000e9480000,0x00000000ea680000)
 ParOldGen       total 90112K, used 34139K [0x00000000a0000000, 0x00000000a5800000, 0x00000000e0000000)
  object space 90112K, 37% used [0x00000000a0000000,0x00000000a2156f10,0x00000000a5800000)
 Metaspace       used 57119K, capacity 59004K, committed 59136K, reserved 1099776K
  class space    used 7619K, capacity 8095K, committed 8192K, reserved 1048576K
Event: 214.562 GC heap after
Heap after GC invocations=15 (full 3):
 PSYoungGen      total 137728K, used 0K [0x00000000e0000000, 0x00000000eb880000, 0x0000000100000000)
  eden space 133632K, 0% used [0x00000000e0000000,0x00000000e0000000,0x00000000e8280000)
  from space 4096K, 0% used [0x00000000eb480000,0x00000000eb480000,0x00000000eb880000)
  to   space 18432K, 0% used [0x00000000e9480000,0x00000000e9480000,0x00000000ea680000)
 ParOldGen       total 130560K, used 30442K [0x00000000a0000000, 0x00000000a7f80000, 0x00000000e0000000)
  object space 130560K, 23% used [0x00000000a0000000,0x00000000a1dba9c8,0x00000000a7f80000)
 Metaspace       used 57119K, capacity 59004K, committed 59136K, reserved 1099776K
  class space    used 7619K, capacity 8095K, committed 8192K, reserved 1048576K
}

