# JRE version: OpenJDK Runtime Environment (8.0_212-b04) (build 1.8.0_212-release-1586-b04)
# Java VM: OpenJDK 64-Bit Server VM (25.212-b04 mixed mode windows-amd64 compressed oops)
Heap:
 PSYoungGen      total 252928K, used 121499K [0x00000000e0000000, 0x00000000f3900000, 0x0000000100000000)
  eden space 218624K, 55% used [0x00000000e0000000,0x00000000e76a6df8,0x00000000ed580000)
  from space 34304K, 0% used [0x00000000ef600000,0x00000000ef600000,0x00000000f1780000)
  to   space 33280K, 0% used [0x00000000ed580000,0x00000000ed580000,0x00000000ef600000)
 ParOldGen       total 140800K, used 57807K [0x00000000a0000000, 0x00000000a8980000, 0x00000000e0000000)
  object space 140800K, 41% used [0x00000000a0000000,0x00000000a3873d48,0x00000000a8980000)
 Metaspace       used 92550K, capacity 96487K, committed 98496K, reserved 1134592K
  class space    used 12123K, capacity 12914K, committed 13272K, reserved 1048576K
GC Heap History (10 events):
Event: 3379.362 GC heap before
{Heap before GC invocations=18 (full 3):
 PSYoungGen      total 260096K, used 253943K [0x00000000e0000000, 0x00000000f2800000, 0x0000000100000000)
  eden space 231424K, 99% used [0x00000000e0000000,0x00000000ee1a4738,0x00000000ee200000)
  from space 28672K, 79% used [0x00000000f0c00000,0x00000000f2259838,0x00000000f2800000)
  to   space 35840K, 0% used [0x00000000ee200000,0x00000000ee200000,0x00000000f0500000)
 ParOldGen       total 140800K, used 74307K [0x00000000a0000000, 0x00000000a8980000, 0x00000000e0000000)
  object space 140800K, 52% used [0x00000000a0000000,0x00000000a4890c08,0x00000000a8980000)
 Metaspace       used 91974K, capacity 96426K, committed 96600K, reserved 1132544K
  class space    used 12155K, capacity 13021K, committed 13144K, reserved 1048576K
Event: 3379.455 GC heap after
Heap after GC invocations=18 (full 3):
 PSYoungGen      total 246784K, used 23004K [0x00000000e0000000, 0x00000000f2180000, 0x0000000100000000)
  eden space 223744K, 0% used [0x00000000e0000000,0x00000000e0000000,0x00000000eda80000)
  from space 23040K, 99% used [0x00000000ee200000,0x00000000ef8773f8,0x00000000ef880000)
  to   space 36352K, 0% used [0x00000000efe00000,0x00000000efe00000,0x00000000f2180000)
 ParOldGen       total 140800K, used 74315K [0x00000000a0000000, 0x00000000a8980000, 0x00000000e0000000)
  object space 140800K, 52% used [0x00000000a0000000,0x00000000a4892c08,0x00000000a8980000)
 Metaspace       used 91974K, capacity 96426K, committed 96600K, reserved 1132544K
  class space    used 12155K, capacity 13021K, committed 13144K, reserved 1048576K
}
Event: 3416.624 GC heap before
{Heap before GC invocations=19 (full 3):
 PSYoungGen      total 246784K, used 246748K [0x00000000e0000000, 0x00000000f2180000, 0x0000000100000000)
  eden space 223744K, 100% used [0x00000000e0000000,0x00000000eda80000,0x00000000eda80000)
  from space 23040K, 99% used [0x00000000ee200000,0x00000000ef8773f8,0x00000000ef880000)
  to   space 36352K, 0% used [0x00000000efe00000,0x00000000efe00000,0x00000000f2180000)
 ParOldGen       total 140800K, used 74315K [0x00000000a0000000, 0x00000000a8980000, 0x00000000e0000000)
  object space 140800K, 52% used [0x00000000a0000000,0x00000000a4892c08,0x00000000a8980000)
 Metaspace       used 92519K, capacity 97092K, committed 97368K, reserved 1134592K
  class space    used 12196K, capacity 13088K, committed 13144K, reserved 1048576K
Event: 3417.142 GC heap after
Heap after GC invocations=19 (full 3):
 PSYoungGen      total 261632K, used 17098K [0x00000000e0000000, 0x00000000f3f00000, 0x0000000100000000)
  eden space 225280K, 0% used [0x00000000e0000000,0x00000000e0000000,0x00000000edc00000)
  from space 36352K, 47% used [0x00000000efe00000,0x00000000f0eb2be8,0x00000000f2180000)
  to   space 34816K, 0% used [0x00000000edc00000,0x00000000edc00000,0x00000000efe00000)
 ParOldGen       total 140800K, used 74323K [0x00000000a0000000, 0x00000000a8980000, 0x00000000e0000000)
  object space 140800K, 52% used [0x00000000a0000000,0x00000000a4894c08,0x00000000a8980000)
 Metaspace       used 92519K, capacity 97092K, committed 97368K, reserved 1134592K
  class space    used 12196K, capacity 13088K, committed 13144K, reserved 1048576K
}
Event: 3512.474 GC heap before
{Heap before GC invocations=20 (full 3):
 PSYoungGen      total 261632K, used 242378K [0x00000000e0000000, 0x00000000f3f00000, 0x0000000100000000)
  eden space 225280K, 100% used [0x00000000e0000000,0x00000000edc00000,0x00000000edc00000)
  from space 36352K, 47% used [0x00000000efe00000,0x00000000f0eb2be8,0x00000000f2180000)
  to   space 34816K, 0% used [0x00000000edc00000,0x00000000edc00000,0x00000000efe00000)
 ParOldGen       total 140800K, used 74323K [0x00000000a0000000, 0x00000000a8980000, 0x00000000e0000000)
  object space 140800K, 52% used [0x00000000a0000000,0x00000000a4894c08,0x00000000a8980000)
 Metaspace       used 93126K, capacity 98014K, committed 98264K, reserved 1134592K
  class space    used 12262K, capacity 13197K, committed 13272K, reserved 1048576K
Event: 3512.504 GC heap after
Heap after GC invocations=20 (full 3):
 PSYoungGen      total 237568K, used 19807K [0x00000000e0000000, 0x00000000f1780000, 0x0000000100000000)
  eden space 217600K, 0% used [0x00000000e0000000,0x00000000e0000000,0x00000000ed480000)
  from space 19968K, 99% used [0x00000000edc00000,0x00000000eef57f78,0x00000000eef80000)
  to   space 34304K, 0% used [0x00000000ef600000,0x00000000ef600000,0x00000000f1780000)
 ParOldGen       total 140800K, used 74331K [0x00000000a0000000, 0x00000000a8980000, 0x00000000e0000000)
  object space 140800K, 52% used [0x00000000a0000000,0x00000000a4896c08,0x00000000a8980000)
 Metaspace       used 93126K, capacity 98014K, committed 98264K, reserved 1134592K
  class space    used 12262K, capacity 13197K, committed 13272K, reserved 1048576K
}
Event: 3512.691 GC heap before
{Heap before GC invocations=21 (full 3):
 PSYoungGen      total 237568K, used 30264K [0x00000000e0000000, 0x00000000f1780000, 0x0000000100000000)
  eden space 217600K, 4% used [0x00000000e0000000,0x00000000e0a36098,0x00000000ed480000)
  from space 19968K, 99% used [0x00000000edc00000,0x00000000eef57f78,0x00000000eef80000)
  to   space 34304K, 0% used [0x00000000ef600000,0x00000000ef600000,0x00000000f1780000)
 ParOldGen       total 140800K, used 74331K [0x00000000a0000000, 0x00000000a8980000, 0x00000000e0000000)
  object space 140800K, 52% used [0x00000000a0000000,0x00000000a4896c08,0x00000000a8980000)
 Metaspace       used 93463K, capacity 98341K, committed 98496K, reserved 1134592K
  class space    used 12323K, capacity 13272K, committed 13272K, reserved 1048576K
Event: 3512.705 GC heap after
Heap after GC invocations=21 (full 3):
 PSYoungGen      total 252928K, used 13322K [0x00000000e0000000, 0x00000000f3900000, 0x0000000100000000)
  eden space 218624K, 0% used [0x00000000e0000000,0x00000000e0000000,0x00000000ed580000)
  from space 34304K, 38% used [0x00000000ef600000,0x00000000f0302948,0x00000000f1780000)
  to   space 33280K, 0% used [0x00000000ed580000,0x00000000ed580000,0x00000000ef600000)
 ParOldGen       total 140800K, used 74339K [0x00000000a0000000, 0x00000000a8980000, 0x00000000e0000000)
  object space 140800K, 52% used [0x00000000a0000000,0x00000000a4898c08,0x00000000a8980000)
 Metaspace       used 93463K, capacity 98341K, committed 98496K, reserved 1134592K
  class space    used 12323K, capacity 13272K, committed 13272K, reserved 1048576K
}
Event: 3512.705 GC heap before
{Heap before GC invocations=22 (full 4):
 PSYoungGen      total 252928K, used 13322K [0x00000000e0000000, 0x00000000f3900000, 0x0000000100000000)
  eden space 218624K, 0% used [0x00000000e0000000,0x00000000e0000000,0x00000000ed580000)
  from space 34304K, 38% used [0x00000000ef600000,0x00000000f0302948,0x00000000f1780000)
  to   space 33280K, 0% used [0x00000000ed580000,0x00000000ed580000,0x00000000ef600000)
 ParOldGen       total 140800K, used 74339K [0x00000000a0000000, 0x00000000a8980000, 0x00000000e0000000)
  object space 140800K, 52% used [0x00000000a0000000,0x00000000a4898c08,0x00000000a8980000)
 Metaspace       used 93463K, capacity 98341K, committed 98496K, reserved 1134592K
  class space    used 12323K, capacity 13272K, committed 13272K, reserved 1048576K
Event: 3515.675 GC heap after
Heap after GC invocations=22 (full 4):
 PSYoungGen      total 252928K, used 0K [0x00000000e0000000, 0x00000000f3900000, 0x0000000100000000)
  eden space 218624K, 0% used [0x00000000e0000000,0x00000000e0000000,0x00000000ed580000)
  from space 34304K, 0% used [0x00000000ef600000,0x00000000ef600000,0x00000000f1780000)
  to   space 33280K, 0% used [0x00000000ed580000,0x00000000ed580000,0x00000000ef600000)
 ParOldGen       total 140800K, used 57807K [0x00000000a0000000, 0x00000000a8980000, 0x00000000e0000000)
  object space 140800K, 41% used [0x00000000a0000000,0x00000000a3873d48,0x00000000a8980000)
 Metaspace       used 92212K, capacity 96027K, committed 98496K, reserved 1134592K
  class space    used 12090K, capacity 12849K, committed 13272K, reserved 1048576K
}

