# JRE version: OpenJDK Runtime Environment (8.0_212-b04) (build 1.8.0_212-release-1586-b04)
# Java VM: OpenJDK 64-Bit Server VM (25.212-b04 mixed mode windows-amd64 compressed oops)
Heap:
 PSYoungGen      total 205824K, used 102857K [0x00000000e0000000, 0x00000000f4a80000, 0x0000000100000000)
  eden space 156672K, 62% used [0x00000000e0000000,0x00000000e5feb960,0x00000000e9900000)
  from space 49152K, 9% used [0x00000000e9900000,0x00000000e9d86d20,0x00000000ec900000)
  to   space 74240K, 0% used [0x00000000f0200000,0x00000000f0200000,0x00000000f4a80000)
 ParOldGen       total 153088K, used 152895K [0x00000000a0000000, 0x00000000a9580000, 0x00000000e0000000)
  object space 153088K, 99% used [0x00000000a0000000,0x00000000a954fef0,0x00000000a9580000)
 Metaspace       used 73083K, capacity 76056K, committed 78336K, reserved 1116160K
  class space    used 9899K, capacity 10486K, committed 11008K, reserved 1048576K
GC Heap History (10 events):
Event: 25.498 GC heap before
{Heap before GC invocations=17 (full 3):
 PSYoungGen      total 164864K, used 158167K [0x00000000e0000000, 0x00000000ec680000, 0x0000000100000000)
  eden space 146432K, 100% used [0x00000000e0000000,0x00000000e8f00000,0x00000000e8f00000)
  from space 18432K, 63% used [0x00000000e8f00000,0x00000000e9a75f30,0x00000000ea100000)
  to   space 18432K, 0% used [0x00000000eb480000,0x00000000eb480000,0x00000000ec680000)
 ParOldGen       total 153088K, used 36116K [0x00000000a0000000, 0x00000000a9580000, 0x00000000e0000000)
  object space 153088K, 23% used [0x00000000a0000000,0x00000000a23451c0,0x00000000a9580000)
 Metaspace       used 64257K, capacity 67112K, committed 67328K, reserved 1107968K
  class space    used 8800K, capacity 9396K, committed 9472K, reserved 1048576K
Event: 25.518 GC heap after
Heap after GC invocations=17 (full 3):
 PSYoungGen      total 179712K, used 18431K [0x00000000e0000000, 0x00000000ecd00000, 0x0000000100000000)
  eden space 161280K, 0% used [0x00000000e0000000,0x00000000e0000000,0x00000000e9d80000)
  from space 18432K, 99% used [0x00000000eb480000,0x00000000ec67fe70,0x00000000ec680000)
  to   space 23552K, 0% used [0x00000000e9d80000,0x00000000e9d80000,0x00000000eb480000)
 ParOldGen       total 153088K, used 43977K [0x00000000a0000000, 0x00000000a9580000, 0x00000000e0000000)
  object space 153088K, 28% used [0x00000000a0000000,0x00000000a2af25d0,0x00000000a9580000)
 Metaspace       used 64257K, capacity 67112K, committed 67328K, reserved 1107968K
  class space    used 8800K, capacity 9396K, committed 9472K, reserved 1048576K
}
Event: 27.447 GC heap before
{Heap before GC invocations=18 (full 3):
 PSYoungGen      total 179712K, used 179711K [0x00000000e0000000, 0x00000000ecd00000, 0x0000000100000000)
  eden space 161280K, 100% used [0x00000000e0000000,0x00000000e9d80000,0x00000000e9d80000)
  from space 18432K, 99% used [0x00000000eb480000,0x00000000ec67fe70,0x00000000ec680000)
  to   space 23552K, 0% used [0x00000000e9d80000,0x00000000e9d80000,0x00000000eb480000)
 ParOldGen       total 153088K, used 43977K [0x00000000a0000000, 0x00000000a9580000, 0x00000000e0000000)
  object space 153088K, 28% used [0x00000000a0000000,0x00000000a2af25d0,0x00000000a9580000)
 Metaspace       used 72568K, capacity 76764K, committed 76928K, reserved 1116160K
  class space    used 9993K, capacity 10816K, committed 10880K, reserved 1048576K
Event: 27.465 GC heap after
Heap after GC invocations=18 (full 3):
 PSYoungGen      total 184832K, used 23549K [0x00000000e0000000, 0x00000000ee380000, 0x0000000100000000)
  eden space 161280K, 0% used [0x00000000e0000000,0x00000000e0000000,0x00000000e9d80000)
  from space 23552K, 99% used [0x00000000e9d80000,0x00000000eb47f4b0,0x00000000eb480000)
  to   space 27136K, 0% used [0x00000000ec900000,0x00000000ec900000,0x00000000ee380000)
 ParOldGen       total 153088K, used 44867K [0x00000000a0000000, 0x00000000a9580000, 0x00000000e0000000)
  object space 153088K, 29% used [0x00000000a0000000,0x00000000a2bd0d60,0x00000000a9580000)
 Metaspace       used 72568K, capacity 76764K, committed 76928K, reserved 1116160K
  class space    used 9993K, capacity 10816K, committed 10880K, reserved 1048576K
}
Event: 28.356 GC heap before
{Heap before GC invocations=19 (full 3):
 PSYoungGen      total 184832K, used 184829K [0x00000000e0000000, 0x00000000ee380000, 0x0000000100000000)
  eden space 161280K, 100% used [0x00000000e0000000,0x00000000e9d80000,0x00000000e9d80000)
  from space 23552K, 99% used [0x00000000e9d80000,0x00000000eb47f4b0,0x00000000eb480000)
  to   space 27136K, 0% used [0x00000000ec900000,0x00000000ec900000,0x00000000ee380000)
 ParOldGen       total 153088K, used 44867K [0x00000000a0000000, 0x00000000a9580000, 0x00000000e0000000)
  object space 153088K, 29% used [0x00000000a0000000,0x00000000a2bd0d60,0x00000000a9580000)
 Metaspace       used 73830K, capacity 78136K, committed 78336K, reserved 1116160K
  class space    used 10181K, capacity 10984K, committed 11008K, reserved 1048576K
Event: 28.407 GC heap after
Heap after GC invocations=19 (full 3):
 PSYoungGen      total 183808K, used 27117K [0x00000000e0000000, 0x00000000f1a80000, 0x0000000100000000)
  eden space 156672K, 0% used [0x00000000e0000000,0x00000000e0000000,0x00000000e9900000)
  from space 27136K, 99% used [0x00000000ec900000,0x00000000ee37b628,0x00000000ee380000)
  to   space 49152K, 0% used [0x00000000e9900000,0x00000000e9900000,0x00000000ec900000)
 ParOldGen       total 153088K, used 93821K [0x00000000a0000000, 0x00000000a9580000, 0x00000000e0000000)
  object space 153088K, 61% used [0x00000000a0000000,0x00000000a5b9f738,0x00000000a9580000)
 Metaspace       used 73830K, capacity 78136K, committed 78336K, reserved 1116160K
  class space    used 10181K, capacity 10984K, committed 11008K, reserved 1048576K
}
Event: 28.979 GC heap before
{Heap before GC invocations=20 (full 3):
 PSYoungGen      total 183808K, used 183789K [0x00000000e0000000, 0x00000000f1a80000, 0x0000000100000000)
  eden space 156672K, 100% used [0x00000000e0000000,0x00000000e9900000,0x00000000e9900000)
  from space 27136K, 99% used [0x00000000ec900000,0x00000000ee37b628,0x00000000ee380000)
  to   space 49152K, 0% used [0x00000000e9900000,0x00000000e9900000,0x00000000ec900000)
 ParOldGen       total 153088K, used 93821K [0x00000000a0000000, 0x00000000a9580000, 0x00000000e0000000)
  object space 153088K, 61% used [0x00000000a0000000,0x00000000a5b9f738,0x00000000a9580000)
 Metaspace       used 73894K, capacity 78212K, committed 78336K, reserved 1116160K
  class space    used 10181K, capacity 10984K, committed 11008K, reserved 1048576K
Event: 29.077 GC heap after
Heap after GC invocations=20 (full 3):
 PSYoungGen      total 205824K, used 49120K [0x00000000e0000000, 0x00000000f4a80000, 0x0000000100000000)
  eden space 156672K, 0% used [0x00000000e0000000,0x00000000e0000000,0x00000000e9900000)
  from space 49152K, 99% used [0x00000000e9900000,0x00000000ec8f8380,0x00000000ec900000)
  to   space 74240K, 0% used [0x00000000f0200000,0x00000000f0200000,0x00000000f4a80000)
 ParOldGen       total 153088K, used 139535K [0x00000000a0000000, 0x00000000a9580000, 0x00000000e0000000)
  object space 153088K, 91% used [0x00000000a0000000,0x00000000a8843c48,0x00000000a9580000)
 Metaspace       used 73894K, capacity 78212K, committed 78336K, reserved 1116160K
  class space    used 10181K, capacity 10984K, committed 11008K, reserved 1048576K
}
Event: 29.077 GC heap before
{Heap before GC invocations=21 (full 4):
 PSYoungGen      total 205824K, used 49120K [0x00000000e0000000, 0x00000000f4a80000, 0x0000000100000000)
  eden space 156672K, 0% used [0x00000000e0000000,0x00000000e0000000,0x00000000e9900000)
  from space 49152K, 99% used [0x00000000e9900000,0x00000000ec8f8380,0x00000000ec900000)
  to   space 74240K, 0% used [0x00000000f0200000,0x00000000f0200000,0x00000000f4a80000)
 ParOldGen       total 153088K, used 139535K [0x00000000a0000000, 0x00000000a9580000, 0x00000000e0000000)
  object space 153088K, 91% used [0x00000000a0000000,0x00000000a8843c48,0x00000000a9580000)
 Metaspace       used 73894K, capacity 78212K, committed 78336K, reserved 1116160K
  class space    used 10181K, capacity 10984K, committed 11008K, reserved 1048576K
Event: 29.777 GC heap after
Heap after GC invocations=21 (full 4):
 PSYoungGen      total 205824K, used 4635K [0x00000000e0000000, 0x00000000f4a80000, 0x0000000100000000)
  eden space 156672K, 0% used [0x00000000e0000000,0x00000000e0000000,0x00000000e9900000)
  from space 49152K, 9% used [0x00000000e9900000,0x00000000e9d86d20,0x00000000ec900000)
  to   space 74240K, 0% used [0x00000000f0200000,0x00000000f0200000,0x00000000f4a80000)
 ParOldGen       total 153088K, used 152895K [0x00000000a0000000, 0x00000000a9580000, 0x00000000e0000000)
  object space 153088K, 99% used [0x00000000a0000000,0x00000000a954fef0,0x00000000a9580000)
 Metaspace       used 73064K, capacity 75988K, committed 78336K, reserved 1116160K
  class space    used 9899K, capacity 10486K, committed 11008K, reserved 1048576K
}

