# JRE version: OpenJDK Runtime Environment (8.0_212-b04) (build 1.8.0_212-release-1586-b04)
# Java VM: OpenJDK 64-Bit Server VM (25.212-b04 mixed mode windows-amd64 compressed oops)
Heap:
 PSYoungGen      total 451072K, used 318520K [0x00000000e0000000, 0x00000000fef00000, 0x0000000100000000)
  eden space 405504K, 78% used [0x00000000e0000000,0x00000000f370e2c0,0x00000000f8c00000)
  from space 45568K, 0% used [0x00000000fba00000,0x00000000fba00000,0x00000000fe680000)
  to   space 47104K, 0% used [0x00000000f8c00000,0x00000000f8c00000,0x00000000fba00000)
 ParOldGen       total 253440K, used 111771K [0x00000000a0000000, 0x00000000af780000, 0x00000000e0000000)
  object space 253440K, 44% used [0x00000000a0000000,0x00000000a6d26d80,0x00000000af780000)
 Metaspace       used 83572K, capacity 87574K, committed 90752K, reserved 1130496K
  class space    used 10995K, capacity 11780K, committed 12416K, reserved 1048576K
GC Heap History (10 events):
Event: 56.568 GC heap before
{Heap before GC invocations=19 (full 3):
 PSYoungGen      total 303104K, used 303095K [0x00000000e0000000, 0x00000000f9f00000, 0x0000000100000000)
  eden space 273920K, 100% used [0x00000000e0000000,0x00000000f0b80000,0x00000000f0b80000)
  from space 29184K, 99% used [0x00000000f0b80000,0x00000000f27fdcc8,0x00000000f2800000)
  to   space 43520K, 0% used [0x00000000f7480000,0x00000000f7480000,0x00000000f9f00000)
 ParOldGen       total 115200K, used 65805K [0x00000000a0000000, 0x00000000a7080000, 0x00000000e0000000)
  object space 115200K, 57% used [0x00000000a0000000,0x00000000a4043490,0x00000000a7080000)
 Metaspace       used 83505K, capacity 89238K, committed 89472K, reserved 1126400K
  class space    used 11315K, capacity 12354K, committed 12416K, reserved 1048576K
Event: 56.630 GC heap after
Heap after GC invocations=19 (full 3):
 PSYoungGen      total 381952K, used 21515K [0x00000000e0000000, 0x00000000faa80000, 0x0000000100000000)
  eden space 338432K, 0% used [0x00000000e0000000,0x00000000e0000000,0x00000000f4a80000)
  from space 43520K, 49% used [0x00000000f7480000,0x00000000f8982d50,0x00000000f9f00000)
  to   space 43008K, 0% used [0x00000000f4a80000,0x00000000f4a80000,0x00000000f7480000)
 ParOldGen       total 115200K, used 89146K [0x00000000a0000000, 0x00000000a7080000, 0x00000000e0000000)
  object space 115200K, 77% used [0x00000000a0000000,0x00000000a570ea78,0x00000000a7080000)
 Metaspace       used 83505K, capacity 89238K, committed 89472K, reserved 1126400K
  class space    used 11315K, capacity 12354K, committed 12416K, reserved 1048576K
}
Event: 57.573 GC heap before
{Heap before GC invocations=20 (full 3):
 PSYoungGen      total 381952K, used 359947K [0x00000000e0000000, 0x00000000faa80000, 0x0000000100000000)
  eden space 338432K, 100% used [0x00000000e0000000,0x00000000f4a80000,0x00000000f4a80000)
  from space 43520K, 49% used [0x00000000f7480000,0x00000000f8982d50,0x00000000f9f00000)
  to   space 43008K, 0% used [0x00000000f4a80000,0x00000000f4a80000,0x00000000f7480000)
 ParOldGen       total 115200K, used 89146K [0x00000000a0000000, 0x00000000a7080000, 0x00000000e0000000)
  object space 115200K, 77% used [0x00000000a0000000,0x00000000a570ea78,0x00000000a7080000)
 Metaspace       used 84107K, capacity 89848K, committed 89984K, reserved 1126400K
  class space    used 11340K, capacity 12365K, committed 12416K, reserved 1048576K
Event: 57.616 GC heap after
Heap after GC invocations=20 (full 3):
 PSYoungGen      total 381440K, used 31201K [0x00000000e0000000, 0x00000000fe680000, 0x0000000100000000)
  eden space 338432K, 0% used [0x00000000e0000000,0x00000000e0000000,0x00000000f4a80000)
  from space 43008K, 72% used [0x00000000f4a80000,0x00000000f68f87f8,0x00000000f7480000)
  to   space 45568K, 0% used [0x00000000fba00000,0x00000000fba00000,0x00000000fe680000)
 ParOldGen       total 115200K, used 89146K [0x00000000a0000000, 0x00000000a7080000, 0x00000000e0000000)
  object space 115200K, 77% used [0x00000000a0000000,0x00000000a570ea78,0x00000000a7080000)
 Metaspace       used 84107K, capacity 89848K, committed 89984K, reserved 1126400K
  class space    used 11340K, capacity 12365K, committed 12416K, reserved 1048576K
}
Event: 58.542 GC heap before
{Heap before GC invocations=21 (full 3):
 PSYoungGen      total 381440K, used 369633K [0x00000000e0000000, 0x00000000fe680000, 0x0000000100000000)
  eden space 338432K, 100% used [0x00000000e0000000,0x00000000f4a80000,0x00000000f4a80000)
  from space 43008K, 72% used [0x00000000f4a80000,0x00000000f68f87f8,0x00000000f7480000)
  to   space 45568K, 0% used [0x00000000fba00000,0x00000000fba00000,0x00000000fe680000)
 ParOldGen       total 115200K, used 89146K [0x00000000a0000000, 0x00000000a7080000, 0x00000000e0000000)
  object space 115200K, 77% used [0x00000000a0000000,0x00000000a570ea78,0x00000000a7080000)
 Metaspace       used 84415K, capacity 90220K, committed 90496K, reserved 1128448K
  class space    used 11343K, capacity 12367K, committed 12416K, reserved 1048576K
Event: 58.592 GC heap after
Heap after GC invocations=21 (full 3):
 PSYoungGen      total 451072K, used 30028K [0x00000000e0000000, 0x00000000fef00000, 0x0000000100000000)
  eden space 405504K, 0% used [0x00000000e0000000,0x00000000e0000000,0x00000000f8c00000)
  from space 45568K, 65% used [0x00000000fba00000,0x00000000fd7532b0,0x00000000fe680000)
  to   space 47104K, 0% used [0x00000000f8c00000,0x00000000f8c00000,0x00000000fba00000)
 ParOldGen       total 115200K, used 102378K [0x00000000a0000000, 0x00000000a7080000, 0x00000000e0000000)
  object space 115200K, 88% used [0x00000000a0000000,0x00000000a63fa918,0x00000000a7080000)
 Metaspace       used 84415K, capacity 90220K, committed 90496K, reserved 1128448K
  class space    used 11343K, capacity 12367K, committed 12416K, reserved 1048576K
}
Event: 58.592 GC heap before
{Heap before GC invocations=22 (full 4):
 PSYoungGen      total 451072K, used 30028K [0x00000000e0000000, 0x00000000fef00000, 0x0000000100000000)
  eden space 405504K, 0% used [0x00000000e0000000,0x00000000e0000000,0x00000000f8c00000)
  from space 45568K, 65% used [0x00000000fba00000,0x00000000fd7532b0,0x00000000fe680000)
  to   space 47104K, 0% used [0x00000000f8c00000,0x00000000f8c00000,0x00000000fba00000)
 ParOldGen       total 115200K, used 102378K [0x00000000a0000000, 0x00000000a7080000, 0x00000000e0000000)
  object space 115200K, 88% used [0x00000000a0000000,0x00000000a63fa918,0x00000000a7080000)
 Metaspace       used 84415K, capacity 90220K, committed 90496K, reserved 1128448K
  class space    used 11343K, capacity 12367K, committed 12416K, reserved 1048576K
Event: 59.180 GC heap after
Heap after GC invocations=22 (full 4):
 PSYoungGen      total 451072K, used 0K [0x00000000e0000000, 0x00000000fef00000, 0x0000000100000000)
  eden space 405504K, 0% used [0x00000000e0000000,0x00000000e0000000,0x00000000f8c00000)
  from space 45568K, 0% used [0x00000000fba00000,0x00000000fba00000,0x00000000fe680000)
  to   space 47104K, 0% used [0x00000000f8c00000,0x00000000f8c00000,0x00000000fba00000)
 ParOldGen       total 115200K, used 109082K [0x00000000a0000000, 0x00000000a7080000, 0x00000000e0000000)
  object space 115200K, 94% used [0x00000000a0000000,0x00000000a6a86bb0,0x00000000a7080000)
 Metaspace       used 83383K, capacity 87304K, committed 90496K, reserved 1128448K
  class space    used 10990K, capacity 11747K, committed 12416K, reserved 1048576K
}
Event: 59.991 GC heap before
{Heap before GC invocations=23 (full 5):
 PSYoungGen      total 451072K, used 405504K [0x00000000e0000000, 0x00000000fef00000, 0x0000000100000000)
  eden space 405504K, 100% used [0x00000000e0000000,0x00000000f8c00000,0x00000000f8c00000)
  from space 45568K, 0% used [0x00000000fba00000,0x00000000fba00000,0x00000000fe680000)
  to   space 47104K, 0% used [0x00000000f8c00000,0x00000000f8c00000,0x00000000fba00000)
 ParOldGen       total 115200K, used 109082K [0x00000000a0000000, 0x00000000a7080000, 0x00000000e0000000)
  object space 115200K, 94% used [0x00000000a0000000,0x00000000a6a86bb0,0x00000000a7080000)
 Metaspace       used 83502K, capacity 87470K, committed 90496K, reserved 1128448K
  class space    used 10993K, capacity 11748K, committed 12416K, reserved 1048576K
Event: 60.391 GC heap after
Heap after GC invocations=23 (full 5):
 PSYoungGen      total 451072K, used 0K [0x00000000e0000000, 0x00000000fef00000, 0x0000000100000000)
  eden space 405504K, 0% used [0x00000000e0000000,0x00000000e0000000,0x00000000f8c00000)
  from space 45568K, 0% used [0x00000000fba00000,0x00000000fba00000,0x00000000fe680000)
  to   space 47104K, 0% used [0x00000000f8c00000,0x00000000f8c00000,0x00000000fba00000)
 ParOldGen       total 253440K, used 111771K [0x00000000a0000000, 0x00000000af780000, 0x00000000e0000000)
  object space 253440K, 44% used [0x00000000a0000000,0x00000000a6d26d80,0x00000000af780000)
 Metaspace       used 83502K, capacity 87470K, committed 90496K, reserved 1128448K
  class space    used 10993K, capacity 11748K, committed 12416K, reserved 1048576K
}

