# JRE version: OpenJDK Runtime Environment (8.0_212-b04) (build 1.8.0_212-release-1586-b04)
# Java VM: OpenJDK 64-Bit Server VM (25.212-b04 mixed mode windows-amd64 compressed oops)
Heap:
 PSYoungGen      total 110080K, used 64507K [0x00000000e0000000, 0x00000000e9680000, 0x0000000100000000)
  eden space 98304K, 65% used [0x00000000e0000000,0x00000000e3efec68,0x00000000e6000000)
  from space 11776K, 0% used [0x00000000e6000000,0x00000000e6000000,0x00000000e6b80000)
  to   space 12800K, 0% used [0x00000000e8a00000,0x00000000e8a00000,0x00000000e9680000)
 ParOldGen       total 99840K, used 17399K [0x00000000a0000000, 0x00000000a6180000, 0x00000000e0000000)
  object space 99840K, 17% used [0x00000000a0000000,0x00000000a10fdfb0,0x00000000a6180000)
 Metaspace       used 41896K, capacity 42904K, committed 43136K, reserved 1087488K
  class space    used 5680K, capacity 5958K, committed 6016K, reserved 1048576K
GC Heap History (10 events):
Event: 2.914 GC heap before
{Heap before GC invocations=7 (full 1):
 PSYoungGen      total 75264K, used 9337K [0x00000000e0000000, 0x00000000e5800000, 0x0000000100000000)
  eden space 65024K, 0% used [0x00000000e0000000,0x00000000e0000000,0x00000000e3f80000)
  from space 10240K, 91% used [0x00000000e4b00000,0x00000000e541e510,0x00000000e5500000)
  to   space 11776K, 0% used [0x00000000e3f80000,0x00000000e3f80000,0x00000000e4b00000)
 ParOldGen       total 87552K, used 7278K [0x00000000a0000000, 0x00000000a5580000, 0x00000000e0000000)
  object space 87552K, 8% used [0x00000000a0000000,0x00000000a071bbe0,0x00000000a5580000)
 Metaspace       used 20729K, capacity 21198K, committed 21296K, reserved 1067008K
  class space    used 2996K, capacity 3161K, committed 3200K, reserved 1048576K
Event: 2.952 GC heap after
Heap after GC invocations=7 (full 1):
 PSYoungGen      total 75264K, used 0K [0x00000000e0000000, 0x00000000e5800000, 0x0000000100000000)
  eden space 65024K, 0% used [0x00000000e0000000,0x00000000e0000000,0x00000000e3f80000)
  from space 10240K, 0% used [0x00000000e4b00000,0x00000000e4b00000,0x00000000e5500000)
  to   space 11776K, 0% used [0x00000000e3f80000,0x00000000e3f80000,0x00000000e4b00000)
 ParOldGen       total 63488K, used 9864K [0x00000000a0000000, 0x00000000a3e00000, 0x00000000e0000000)
  object space 63488K, 15% used [0x00000000a0000000,0x00000000a09a2368,0x00000000a3e00000)
 Metaspace       used 20729K, capacity 21198K, committed 21296K, reserved 1067008K
  class space    used 2996K, capacity 3161K, committed 3200K, reserved 1048576K
}
Event: 3.951 GC heap before
{Heap before GC invocations=8 (full 1):
 PSYoungGen      total 75264K, used 65024K [0x00000000e0000000, 0x00000000e5800000, 0x0000000100000000)
  eden space 65024K, 100% used [0x00000000e0000000,0x00000000e3f80000,0x00000000e3f80000)
  from space 10240K, 0% used [0x00000000e4b00000,0x00000000e4b00000,0x00000000e5500000)
  to   space 11776K, 0% used [0x00000000e3f80000,0x00000000e3f80000,0x00000000e4b00000)
 ParOldGen       total 63488K, used 9864K [0x00000000a0000000, 0x00000000a3e00000, 0x00000000e0000000)
  object space 63488K, 15% used [0x00000000a0000000,0x00000000a09a2368,0x00000000a3e00000)
 Metaspace       used 29116K, capacity 29706K, committed 30080K, reserved 1075200K
  class space    used 3922K, capacity 4133K, committed 4224K, reserved 1048576K
Event: 3.959 GC heap after
Heap after GC invocations=8 (full 1):
 PSYoungGen      total 76800K, used 8084K [0x00000000e0000000, 0x00000000e7700000, 0x0000000100000000)
  eden space 65024K, 0% used [0x00000000e0000000,0x00000000e0000000,0x00000000e3f80000)
  from space 11776K, 68% used [0x00000000e3f80000,0x00000000e47653f0,0x00000000e4b00000)
  to   space 11776K, 0% used [0x00000000e6b80000,0x00000000e6b80000,0x00000000e7700000)
 ParOldGen       total 63488K, used 9872K [0x00000000a0000000, 0x00000000a3e00000, 0x00000000e0000000)
  object space 63488K, 15% used [0x00000000a0000000,0x00000000a09a4368,0x00000000a3e00000)
 Metaspace       used 29116K, capacity 29706K, committed 30080K, reserved 1075200K
  class space    used 3922K, capacity 4133K, committed 4224K, reserved 1048576K
}
Event: 4.398 GC heap before
{Heap before GC invocations=9 (full 1):
 PSYoungGen      total 76800K, used 73108K [0x00000000e0000000, 0x00000000e7700000, 0x0000000100000000)
  eden space 65024K, 100% used [0x00000000e0000000,0x00000000e3f80000,0x00000000e3f80000)
  from space 11776K, 68% used [0x00000000e3f80000,0x00000000e47653f0,0x00000000e4b00000)
  to   space 11776K, 0% used [0x00000000e6b80000,0x00000000e6b80000,0x00000000e7700000)
 ParOldGen       total 63488K, used 9872K [0x00000000a0000000, 0x00000000a3e00000, 0x00000000e0000000)
  object space 63488K, 15% used [0x00000000a0000000,0x00000000a09a4368,0x00000000a3e00000)
 Metaspace       used 31933K, capacity 32552K, committed 32768K, reserved 1077248K
  class space    used 4376K, capacity 4591K, committed 4608K, reserved 1048576K
Event: 4.404 GC heap after
Heap after GC invocations=9 (full 1):
 PSYoungGen      total 110080K, used 8175K [0x00000000e0000000, 0x00000000e7700000, 0x0000000100000000)
  eden space 98304K, 0% used [0x00000000e0000000,0x00000000e0000000,0x00000000e6000000)
  from space 11776K, 69% used [0x00000000e6b80000,0x00000000e737bf40,0x00000000e7700000)
  to   space 11776K, 0% used [0x00000000e6000000,0x00000000e6000000,0x00000000e6b80000)
 ParOldGen       total 63488K, used 9880K [0x00000000a0000000, 0x00000000a3e00000, 0x00000000e0000000)
  object space 63488K, 15% used [0x00000000a0000000,0x00000000a09a6368,0x00000000a3e00000)
 Metaspace       used 31933K, capacity 32552K, committed 32768K, reserved 1077248K
  class space    used 4376K, capacity 4591K, committed 4608K, reserved 1048576K
}
Event: 5.024 GC heap before
{Heap before GC invocations=10 (full 1):
 PSYoungGen      total 110080K, used 75079K [0x00000000e0000000, 0x00000000e7700000, 0x0000000100000000)
  eden space 98304K, 68% used [0x00000000e0000000,0x00000000e4155d08,0x00000000e6000000)
  from space 11776K, 69% used [0x00000000e6b80000,0x00000000e737bf40,0x00000000e7700000)
  to   space 11776K, 0% used [0x00000000e6000000,0x00000000e6000000,0x00000000e6b80000)
 ParOldGen       total 63488K, used 9880K [0x00000000a0000000, 0x00000000a3e00000, 0x00000000e0000000)
  object space 63488K, 15% used [0x00000000a0000000,0x00000000a09a6368,0x00000000a3e00000)
 Metaspace       used 34574K, capacity 35398K, committed 35456K, reserved 1079296K
  class space    used 4748K, capacity 4976K, committed 4992K, reserved 1048576K
Event: 5.033 GC heap after
Heap after GC invocations=10 (full 1):
 PSYoungGen      total 110080K, used 10514K [0x00000000e0000000, 0x00000000e9680000, 0x0000000100000000)
  eden space 98304K, 0% used [0x00000000e0000000,0x00000000e0000000,0x00000000e6000000)
  from space 11776K, 89% used [0x00000000e6000000,0x00000000e6a44a80,0x00000000e6b80000)
  to   space 12800K, 0% used [0x00000000e8a00000,0x00000000e8a00000,0x00000000e9680000)
 ParOldGen       total 63488K, used 9888K [0x00000000a0000000, 0x00000000a3e00000, 0x00000000e0000000)
  object space 63488K, 15% used [0x00000000a0000000,0x00000000a09a8368,0x00000000a3e00000)
 Metaspace       used 34574K, capacity 35398K, committed 35456K, reserved 1079296K
  class space    used 4748K, capacity 4976K, committed 4992K, reserved 1048576K
}
Event: 5.033 GC heap before
{Heap before GC invocations=11 (full 2):
 PSYoungGen      total 110080K, used 10514K [0x00000000e0000000, 0x00000000e9680000, 0x0000000100000000)
  eden space 98304K, 0% used [0x00000000e0000000,0x00000000e0000000,0x00000000e6000000)
  from space 11776K, 89% used [0x00000000e6000000,0x00000000e6a44a80,0x00000000e6b80000)
  to   space 12800K, 0% used [0x00000000e8a00000,0x00000000e8a00000,0x00000000e9680000)
 ParOldGen       total 63488K, used 9888K [0x00000000a0000000, 0x00000000a3e00000, 0x00000000e0000000)
  object space 63488K, 15% used [0x00000000a0000000,0x00000000a09a8368,0x00000000a3e00000)
 Metaspace       used 34574K, capacity 35398K, committed 35456K, reserved 1079296K
  class space    used 4748K, capacity 4976K, committed 4992K, reserved 1048576K
Event: 5.085 GC heap after
Heap after GC invocations=11 (full 2):
 PSYoungGen      total 110080K, used 0K [0x00000000e0000000, 0x00000000e9680000, 0x0000000100000000)
  eden space 98304K, 0% used [0x00000000e0000000,0x00000000e0000000,0x00000000e6000000)
  from space 11776K, 0% used [0x00000000e6000000,0x00000000e6000000,0x00000000e6b80000)
  to   space 12800K, 0% used [0x00000000e8a00000,0x00000000e8a00000,0x00000000e9680000)
 ParOldGen       total 99840K, used 17399K [0x00000000a0000000, 0x00000000a6180000, 0x00000000e0000000)
  object space 99840K, 17% used [0x00000000a0000000,0x00000000a10fdfb0,0x00000000a6180000)
 Metaspace       used 34541K, capacity 35284K, committed 35456K, reserved 1079296K
  class space    used 4737K, capacity 4957K, committed 4992K, reserved 1048576K
}

