# JRE version: OpenJDK Runtime Environment (8.0_212-b04) (build 1.8.0_212-release-1586-b04)
# Java VM: OpenJDK 64-Bit Server VM (25.212-b04 mixed mode windows-amd64 compressed oops)
Heap:
 PSYoungGen      total 459776K, used 422746K [0x00000000e0000000, 0x00000000ffa00000, 0x0000000100000000)
  eden space 405504K, 100% used [0x00000000e0000000,0x00000000f8c00000,0x00000000f8c00000)
  from space 54272K, 31% used [0x00000000f8c00000,0x00000000f9cd6878,0x00000000fc100000)
  to   space 51200K, 22% used [0x00000000fc800000,0x00000000fd3058e8,0x00000000ffa00000)
 ParOldGen       total 298496K, used 208657K [0x00000000a0000000, 0x00000000b2380000, 0x00000000e0000000)
  object space 298496K, 69% used [0x00000000a0000000,0x00000000acbfa340,0x00000000b2380000)
 Metaspace       used 82100K, capacity 85726K, committed 86232K, reserved 1124352K
  class space    used 10758K, capacity 11509K, committed 11736K, reserved 1048576K
GC Heap History (10 events):
Event: 803.888 GC heap before
{Heap before GC invocations=42 (full 5):
 PSYoungGen      total 448000K, used 390569K [0x00000000e0000000, 0x00000000ff780000, 0x0000000100000000)
  eden space 381440K, 100% used [0x00000000e0000000,0x00000000f7480000,0x00000000f7480000)
  from space 66560K, 13% used [0x00000000fb680000,0x00000000fbf6a5f8,0x00000000ff780000)
  to   space 67072K, 0% used [0x00000000f7480000,0x00000000f7480000,0x00000000fb600000)
 ParOldGen       total 298496K, used 167113K [0x00000000a0000000, 0x00000000b2380000, 0x00000000e0000000)
  object space 298496K, 55% used [0x00000000a0000000,0x00000000aa332708,0x00000000b2380000)
 Metaspace       used 82057K, capacity 85662K, committed 86232K, reserved 1124352K
  class space    used 10758K, capacity 11509K, committed 11736K, reserved 1048576K
Event: 803.939 GC heap after
Heap after GC invocations=42 (full 5):
 PSYoungGen      total 448512K, used 10944K [0x00000000e0000000, 0x00000000ff980000, 0x0000000100000000)
  eden space 381440K, 0% used [0x00000000e0000000,0x00000000e0000000,0x00000000f7480000)
  from space 67072K, 16% used [0x00000000f7480000,0x00000000f7f30158,0x00000000fb600000)
  to   space 63488K, 0% used [0x00000000fbb80000,0x00000000fbb80000,0x00000000ff980000)
 ParOldGen       total 298496K, used 173670K [0x00000000a0000000, 0x00000000b2380000, 0x00000000e0000000)
  object space 298496K, 58% used [0x00000000a0000000,0x00000000aa999a30,0x00000000b2380000)
 Metaspace       used 82057K, capacity 85662K, committed 86232K, reserved 1124352K
  class space    used 10758K, capacity 11509K, committed 11736K, reserved 1048576K
}
Event: 804.457 GC heap before
{Heap before GC invocations=43 (full 5):
 PSYoungGen      total 448512K, used 392384K [0x00000000e0000000, 0x00000000ff980000, 0x0000000100000000)
  eden space 381440K, 100% used [0x00000000e0000000,0x00000000f7480000,0x00000000f7480000)
  from space 67072K, 16% used [0x00000000f7480000,0x00000000f7f30158,0x00000000fb600000)
  to   space 63488K, 0% used [0x00000000fbb80000,0x00000000fbb80000,0x00000000ff980000)
 ParOldGen       total 298496K, used 173670K [0x00000000a0000000, 0x00000000b2380000, 0x00000000e0000000)
  object space 298496K, 58% used [0x00000000a0000000,0x00000000aa999a30,0x00000000b2380000)
 Metaspace       used 82060K, capacity 85662K, committed 86232K, reserved 1124352K
  class space    used 10758K, capacity 11509K, committed 11736K, reserved 1048576K
Event: 804.520 GC heap after
Heap after GC invocations=43 (full 5):
 PSYoungGen      total 454656K, used 6432K [0x00000000e0000000, 0x00000000ff780000, 0x0000000100000000)
  eden space 393216K, 0% used [0x00000000e0000000,0x00000000e0000000,0x00000000f8000000)
  from space 61440K, 10% used [0x00000000fbb80000,0x00000000fc1c8050,0x00000000ff780000)
  to   space 60928K, 0% used [0x00000000f8000000,0x00000000f8000000,0x00000000fbb80000)
 ParOldGen       total 298496K, used 181396K [0x00000000a0000000, 0x00000000b2380000, 0x00000000e0000000)
  object space 298496K, 60% used [0x00000000a0000000,0x00000000ab125220,0x00000000b2380000)
 Metaspace       used 82060K, capacity 85662K, committed 86232K, reserved 1124352K
  class space    used 10758K, capacity 11509K, committed 11736K, reserved 1048576K
}
Event: 805.102 GC heap before
{Heap before GC invocations=44 (full 5):
 PSYoungGen      total 454656K, used 399648K [0x00000000e0000000, 0x00000000ff780000, 0x0000000100000000)
  eden space 393216K, 100% used [0x00000000e0000000,0x00000000f8000000,0x00000000f8000000)
  from space 61440K, 10% used [0x00000000fbb80000,0x00000000fc1c8050,0x00000000ff780000)
  to   space 60928K, 0% used [0x00000000f8000000,0x00000000f8000000,0x00000000fbb80000)
 ParOldGen       total 298496K, used 181396K [0x00000000a0000000, 0x00000000b2380000, 0x00000000e0000000)
  object space 298496K, 60% used [0x00000000a0000000,0x00000000ab125220,0x00000000b2380000)
 Metaspace       used 82077K, capacity 85662K, committed 86232K, reserved 1124352K
  class space    used 10758K, capacity 11509K, committed 11736K, reserved 1048576K
Event: 805.123 GC heap after
Heap after GC invocations=44 (full 5):
 PSYoungGen      total 454144K, used 9451K [0x00000000e0000000, 0x00000000ff980000, 0x0000000100000000)
  eden space 393216K, 0% used [0x00000000e0000000,0x00000000e0000000,0x00000000f8000000)
  from space 60928K, 15% used [0x00000000f8000000,0x00000000f893aca0,0x00000000fbb80000)
  to   space 57856K, 0% used [0x00000000fc100000,0x00000000fc100000,0x00000000ff980000)
 ParOldGen       total 298496K, used 183864K [0x00000000a0000000, 0x00000000b2380000, 0x00000000e0000000)
  object space 298496K, 61% used [0x00000000a0000000,0x00000000ab38e2b8,0x00000000b2380000)
 Metaspace       used 82077K, capacity 85662K, committed 86232K, reserved 1124352K
  class space    used 10758K, capacity 11509K, committed 11736K, reserved 1048576K
}
Event: 805.724 GC heap before
{Heap before GC invocations=45 (full 5):
 PSYoungGen      total 454144K, used 402667K [0x00000000e0000000, 0x00000000ff980000, 0x0000000100000000)
  eden space 393216K, 100% used [0x00000000e0000000,0x00000000f8000000,0x00000000f8000000)
  from space 60928K, 15% used [0x00000000f8000000,0x00000000f893aca0,0x00000000fbb80000)
  to   space 57856K, 0% used [0x00000000fc100000,0x00000000fc100000,0x00000000ff980000)
 ParOldGen       total 298496K, used 183864K [0x00000000a0000000, 0x00000000b2380000, 0x00000000e0000000)
  object space 298496K, 61% used [0x00000000a0000000,0x00000000ab38e2b8,0x00000000b2380000)
 Metaspace       used 82079K, capacity 85662K, committed 86232K, reserved 1124352K
  class space    used 10758K, capacity 11509K, committed 11736K, reserved 1048576K
Event: 805.777 GC heap after
Heap after GC invocations=45 (full 5):
 PSYoungGen      total 459776K, used 11976K [0x00000000e0000000, 0x00000000ff600000, 0x0000000100000000)
  eden space 405504K, 0% used [0x00000000e0000000,0x00000000e0000000,0x00000000f8c00000)
  from space 54272K, 22% used [0x00000000fc100000,0x00000000fccb21e8,0x00000000ff600000)
  to   space 54272K, 0% used [0x00000000f8c00000,0x00000000f8c00000,0x00000000fc100000)
 ParOldGen       total 298496K, used 191103K [0x00000000a0000000, 0x00000000b2380000, 0x00000000e0000000)
  object space 298496K, 64% used [0x00000000a0000000,0x00000000aba9fc88,0x00000000b2380000)
 Metaspace       used 82079K, capacity 85662K, committed 86232K, reserved 1124352K
  class space    used 10758K, capacity 11509K, committed 11736K, reserved 1048576K
}
Event: 806.359 GC heap before
{Heap before GC invocations=46 (full 5):
 PSYoungGen      total 459776K, used 417480K [0x00000000e0000000, 0x00000000ff600000, 0x0000000100000000)
  eden space 405504K, 100% used [0x00000000e0000000,0x00000000f8c00000,0x00000000f8c00000)
  from space 54272K, 22% used [0x00000000fc100000,0x00000000fccb21e8,0x00000000ff600000)
  to   space 54272K, 0% used [0x00000000f8c00000,0x00000000f8c00000,0x00000000fc100000)
 ParOldGen       total 298496K, used 191103K [0x00000000a0000000, 0x00000000b2380000, 0x00000000e0000000)
  object space 298496K, 64% used [0x00000000a0000000,0x00000000aba9fc88,0x00000000b2380000)
 Metaspace       used 82090K, capacity 85662K, committed 86232K, reserved 1124352K
  class space    used 10758K, capacity 11509K, committed 11736K, reserved 1048576K
Event: 806.409 GC heap after
Heap after GC invocations=46 (full 5):
 PSYoungGen      total 459776K, used 17242K [0x00000000e0000000, 0x00000000ffa00000, 0x0000000100000000)
  eden space 405504K, 0% used [0x00000000e0000000,0x00000000e0000000,0x00000000f8c00000)
  from space 54272K, 31% used [0x00000000f8c00000,0x00000000f9cd6878,0x00000000fc100000)
  to   space 51200K, 0% used [0x00000000fc800000,0x00000000fc800000,0x00000000ffa00000)
 ParOldGen       total 298496K, used 197520K [0x00000000a0000000, 0x00000000b2380000, 0x00000000e0000000)
  object space 298496K, 66% used [0x00000000a0000000,0x00000000ac0e4210,0x00000000b2380000)
 Metaspace       used 82090K, capacity 85662K, committed 86232K, reserved 1124352K
  class space    used 10758K, capacity 11509K, committed 11736K, reserved 1048576K
}

