# JRE version: OpenJDK Runtime Environment (8.0_212-b04) (build 1.8.0_212-release-1586-b04)
# Java VM: OpenJDK 64-Bit Server VM (25.212-b04 mixed mode windows-amd64 compressed oops)
Heap:
 PSYoungGen      total 201216K, used 88315K [0x00000000e0000000, 0x00000000ee400000, 0x0000000100000000)
  eden space 182784K, 38% used [0x00000000e0000000,0x00000000e44434c0,0x00000000eb280000)
  from space 18432K, 99% used [0x00000000ec900000,0x00000000edafba50,0x00000000edb00000)
  to   space 23040K, 0% used [0x00000000eb280000,0x00000000eb280000,0x00000000ec900000)
 ParOldGen       total 139776K, used 37746K [0x00000000a0000000, 0x00000000a8880000, 0x00000000e0000000)
  object space 139776K, 27% used [0x00000000a0000000,0x00000000a24dcbf0,0x00000000a8880000)
 Metaspace       used 67691K, capacity 70372K, committed 70528K, reserved 1112064K
  class space    used 8955K, capacity 9522K, committed 9600K, reserved 1048576K
GC Heap History (10 events):
Event: 6.517 GC heap before
{Heap before GC invocations=13 (full 2):
 PSYoungGen      total 140288K, used 140284K [0x00000000e0000000, 0x00000000ea400000, 0x0000000100000000)
  eden space 127488K, 100% used [0x00000000e0000000,0x00000000e7c80000,0x00000000e7c80000)
  from space 12800K, 99% used [0x00000000e9780000,0x00000000ea3ff2a8,0x00000000ea400000)
  to   space 14848K, 0% used [0x00000000e8700000,0x00000000e8700000,0x00000000e9580000)
 ParOldGen       total 95232K, used 19156K [0x00000000a0000000, 0x00000000a5d00000, 0x00000000e0000000)
  object space 95232K, 20% used [0x00000000a0000000,0x00000000a12b52f0,0x00000000a5d00000)
 Metaspace       used 53335K, capacity 55008K, committed 55168K, reserved 1097728K
  class space    used 7302K, capacity 7718K, committed 7808K, reserved 1048576K
Event: 6.535 GC heap after
Heap after GC invocations=13 (full 2):
 PSYoungGen      total 153088K, used 13429K [0x00000000e0000000, 0x00000000eb700000, 0x0000000100000000)
  eden space 138240K, 0% used [0x00000000e0000000,0x00000000e0000000,0x00000000e8700000)
  from space 14848K, 90% used [0x00000000e8700000,0x00000000e941d628,0x00000000e9580000)
  to   space 15872K, 0% used [0x00000000ea780000,0x00000000ea780000,0x00000000eb700000)
 ParOldGen       total 95232K, used 25144K [0x00000000a0000000, 0x00000000a5d00000, 0x00000000e0000000)
  object space 95232K, 26% used [0x00000000a0000000,0x00000000a188e318,0x00000000a5d00000)
 Metaspace       used 53335K, capacity 55008K, committed 55168K, reserved 1097728K
  class space    used 7302K, capacity 7718K, committed 7808K, reserved 1048576K
}
Event: 71.254 GC heap before
{Heap before GC invocations=14 (full 2):
 PSYoungGen      total 153088K, used 69097K [0x00000000e0000000, 0x00000000eb700000, 0x0000000100000000)
  eden space 138240K, 40% used [0x00000000e0000000,0x00000000e365ce20,0x00000000e8700000)
  from space 14848K, 90% used [0x00000000e8700000,0x00000000e941d628,0x00000000e9580000)
  to   space 15872K, 0% used [0x00000000ea780000,0x00000000ea780000,0x00000000eb700000)
 ParOldGen       total 95232K, used 25144K [0x00000000a0000000, 0x00000000a5d00000, 0x00000000e0000000)
  object space 95232K, 26% used [0x00000000a0000000,0x00000000a188e318,0x00000000a5d00000)
 Metaspace       used 57183K, capacity 59080K, committed 59096K, reserved 1099776K
  class space    used 7640K, capacity 8064K, committed 8064K, reserved 1048576K
Event: 71.267 GC heap after
Heap after GC invocations=14 (full 2):
 PSYoungGen      total 169984K, used 14039K [0x00000000e0000000, 0x00000000ec180000, 0x0000000100000000)
  eden space 154112K, 0% used [0x00000000e0000000,0x00000000e0000000,0x00000000e9680000)
  from space 15872K, 88% used [0x00000000ea780000,0x00000000eb535fc0,0x00000000eb700000)
  to   space 17408K, 0% used [0x00000000e9680000,0x00000000e9680000,0x00000000ea780000)
 ParOldGen       total 95232K, used 25152K [0x00000000a0000000, 0x00000000a5d00000, 0x00000000e0000000)
  object space 95232K, 26% used [0x00000000a0000000,0x00000000a1890318,0x00000000a5d00000)
 Metaspace       used 57183K, capacity 59080K, committed 59096K, reserved 1099776K
  class space    used 7640K, capacity 8064K, committed 8064K, reserved 1048576K
}
Event: 71.267 GC heap before
{Heap before GC invocations=15 (full 3):
 PSYoungGen      total 169984K, used 14039K [0x00000000e0000000, 0x00000000ec180000, 0x0000000100000000)
  eden space 154112K, 0% used [0x00000000e0000000,0x00000000e0000000,0x00000000e9680000)
  from space 15872K, 88% used [0x00000000ea780000,0x00000000eb535fc0,0x00000000eb700000)
  to   space 17408K, 0% used [0x00000000e9680000,0x00000000e9680000,0x00000000ea780000)
 ParOldGen       total 95232K, used 25152K [0x00000000a0000000, 0x00000000a5d00000, 0x00000000e0000000)
  object space 95232K, 26% used [0x00000000a0000000,0x00000000a1890318,0x00000000a5d00000)
 Metaspace       used 57183K, capacity 59080K, committed 59096K, reserved 1099776K
  class space    used 7640K, capacity 8064K, committed 8064K, reserved 1048576K
Event: 71.526 GC heap after
Heap after GC invocations=15 (full 3):
 PSYoungGen      total 169984K, used 0K [0x00000000e0000000, 0x00000000ec180000, 0x0000000100000000)
  eden space 154112K, 0% used [0x00000000e0000000,0x00000000e0000000,0x00000000e9680000)
  from space 15872K, 0% used [0x00000000ea780000,0x00000000ea780000,0x00000000eb700000)
  to   space 17408K, 0% used [0x00000000e9680000,0x00000000e9680000,0x00000000ea780000)
 ParOldGen       total 139776K, used 32269K [0x00000000a0000000, 0x00000000a8880000, 0x00000000e0000000)
  object space 139776K, 23% used [0x00000000a0000000,0x00000000a1f83530,0x00000000a8880000)
 Metaspace       used 57183K, capacity 59080K, committed 59096K, reserved 1099776K
  class space    used 7640K, capacity 8064K, committed 8064K, reserved 1048576K
}
Event: 72.954 GC heap before
{Heap before GC invocations=16 (full 3):
 PSYoungGen      total 169984K, used 154112K [0x00000000e0000000, 0x00000000ec180000, 0x0000000100000000)
  eden space 154112K, 100% used [0x00000000e0000000,0x00000000e9680000,0x00000000e9680000)
  from space 15872K, 0% used [0x00000000ea780000,0x00000000ea780000,0x00000000eb700000)
  to   space 17408K, 0% used [0x00000000e9680000,0x00000000e9680000,0x00000000ea780000)
 ParOldGen       total 139776K, used 32269K [0x00000000a0000000, 0x00000000a8880000, 0x00000000e0000000)
  object space 139776K, 23% used [0x00000000a0000000,0x00000000a1f83530,0x00000000a8880000)
 Metaspace       used 62706K, capacity 65254K, committed 65408K, reserved 1105920K
  class space    used 8434K, capacity 8987K, committed 9088K, reserved 1048576K
Event: 72.968 GC heap after
Heap after GC invocations=16 (full 3):
 PSYoungGen      total 171520K, used 14649K [0x00000000e0000000, 0x00000000edb00000, 0x0000000100000000)
  eden space 154112K, 0% used [0x00000000e0000000,0x00000000e0000000,0x00000000e9680000)
  from space 17408K, 84% used [0x00000000e9680000,0x00000000ea4ce6d0,0x00000000ea780000)
  to   space 18432K, 0% used [0x00000000ec900000,0x00000000ec900000,0x00000000edb00000)
 ParOldGen       total 139776K, used 32277K [0x00000000a0000000, 0x00000000a8880000, 0x00000000e0000000)
  object space 139776K, 23% used [0x00000000a0000000,0x00000000a1f85530,0x00000000a8880000)
 Metaspace       used 62706K, capacity 65254K, committed 65408K, reserved 1105920K
  class space    used 8434K, capacity 8987K, committed 9088K, reserved 1048576K
}
Event: 74.559 GC heap before
{Heap before GC invocations=17 (full 3):
 PSYoungGen      total 171520K, used 168490K [0x00000000e0000000, 0x00000000edb00000, 0x0000000100000000)
  eden space 154112K, 99% used [0x00000000e0000000,0x00000000e963c228,0x00000000e9680000)
  from space 17408K, 84% used [0x00000000e9680000,0x00000000ea4ce6d0,0x00000000ea780000)
  to   space 18432K, 0% used [0x00000000ec900000,0x00000000ec900000,0x00000000edb00000)
 ParOldGen       total 139776K, used 32277K [0x00000000a0000000, 0x00000000a8880000, 0x00000000e0000000)
  object space 139776K, 23% used [0x00000000a0000000,0x00000000a1f85530,0x00000000a8880000)
 Metaspace       used 64872K, capacity 67458K, committed 67712K, reserved 1107968K
  class space    used 8668K, capacity 9227K, committed 9344K, reserved 1048576K
Event: 74.577 GC heap after
Heap after GC invocations=17 (full 3):
 PSYoungGen      total 201216K, used 18414K [0x00000000e0000000, 0x00000000ee400000, 0x0000000100000000)
  eden space 182784K, 0% used [0x00000000e0000000,0x00000000e0000000,0x00000000eb280000)
  from space 18432K, 99% used [0x00000000ec900000,0x00000000edafba50,0x00000000edb00000)
  to   space 23040K, 0% used [0x00000000eb280000,0x00000000eb280000,0x00000000ec900000)
 ParOldGen       total 139776K, used 37746K [0x00000000a0000000, 0x00000000a8880000, 0x00000000e0000000)
  object space 139776K, 27% used [0x00000000a0000000,0x00000000a24dcbf0,0x00000000a8880000)
 Metaspace       used 64872K, capacity 67458K, committed 67712K, reserved 1107968K
  class space    used 8668K, capacity 9227K, committed 9344K, reserved 1048576K
}

